[c9941f.creatium.site/index.html]
[backblue.gif]
[fade.gif]
[index.html]
[c9941f.creatium.site/assets/4.2/vendors3c35.css]
[c9941f.creatium.site/assets/4.2/default3c35.css]
[c9941f.creatium.site/assets/4.2/nodes3c35.css]
[c9941f.creatium.site/assets/4.2/vendors3c35.js]
[c9941f.creatium.site/assets/4.2/default3c35.js]
[c9941f.creatium.site/assets/4.2/nodes3c35.js]
[c9941f.creatium.site/assets/4.2/vendors-sync3c35.js]
[c9941f.creatium.site/app/sv4677]
[c9941f.creatium.site/oldmain]
[i.1.creatium.io/disk2/20/e4/d1/391f2b7ad344f5d717c443da136e018c3a/adamantis_red_new.png]
[c9941f.creatium.site/photogalery.html]
[i.1.creatium.io/disk2/27/95/00/915249101f96055491fd41e7297b41a06a/csm_ba8d4b565d40e2e22222.jpg]
[i.1.creatium.io/db/a3/63/b4efda07454b098fded70df2b3b472488d/banner_conveyor_belts_chevron.jpg]
[i.1.creatium.io/disk2/90/6f/59/0a9f3b435460772d50eafac3a8f2cc1596/3.jpg]
[i.1.creatium.io/disk2/4f/07/da/d040e0c8a679236e97ebb9844479d086d4/photo_2023_10_06_19_57_05.jpg]
[i.1.creatium.io/disk2/06/ce/16/2572e281b9bd87185739b17e96cbe6cd7f/keyvisual_vb7100series.jpg]
[c9941f.creatium.site/industry/agro.html]
[i.1.creatium.io/disk2/00/fb/da/9f9e826fd54b127c902384e9048e69c5d2/img_pgxn5224.jpg]
[i.1.creatium.io/disk2/31/11/2f/7152280009da344d0332f6b8cf265eb0be/23819_6.jpg]
[i.1.creatium.io/92/87/a0/ad0ecd28e18274dbf8f5cac47dd15dca86/sm_2_2400l_vlx_s_t.jpg]
[i.1.creatium.io/disk2/3a/30/0b/cfc1882b99951098ad879898beb5fdaca9/klipartz3.png]
[c9941f.creatium.site/industry/mount.html]
[i.1.creatium.io/disk2/3b/0e/cc/e87dc5d7c51ee439d7d88e96a1b795a5c3/5.jpg]
[i.1.creatium.io/disk2/5b/c4/42/d59b1e9d2785a6f6417a46910d04646dd0/osnovnye_elementy_betonnogo_zavoda.jpg]
[i.1.creatium.io/80/1e/c7/0520de668b2583179e4f8786fe58003c42/bez_nazvaniya_1.jpg]
[i.1.creatium.io/disk2/af/2a/a8/4205f5f49d1240bc0f804b6d6722f0c4c5/100850555_mountains_icon_vector_copy_3.png]
[c9941f.creatium.site/industry/mount-1-1.html]
[i.1.creatium.io/4b/f7/a3/8a15c0fc53e8f1be33a83cdc51493b1c0e/images_5.jpg]
[i.1.creatium.io/f8/66/4a/bccc3b61901fbda0fbc923daff56f30bde/images_7.jpg]
[i.1.creatium.io/a2/9d/2d/f035f871a25eec4fea6ed8093db710fea2/images_6.jpg]
[i.1.creatium.io/disk2/1e/3f/3e/362a684070e6407f6234c427ae90aadd10/12332_copy_3.png]
[c9941f.creatium.site/conveyor-1-1.html]
[i.1.creatium.io/disk2/bb/56/03/9735aee25311801c35d50c858e4968d33c/flat_belt_conveyor_manufacturer444.jpg]
[c9941f.creatium.site/uslugi.html]
[i.1.creatium.io/f7/86/5d/3a509ea99ceb56673262dc1ea33821134d/new.jpg]
[c9941f.creatium.site/convbelt/belt.html]
[i.1.creatium.io/disk2/79/9e/bb/0a090ae622cd75a4e9121c90238f8c429d/rezina7.jpg]
[c9941f.creatium.site/convbelt/shev.html]
[i.1.creatium.io/40/69/8e/6ce40264d3c4362fcee023cf6086833702/shevronnaya_konveyernaya_lenta_6120333_medium.jpg]
[c9941f.creatium.site/profil.html]
[i.1.creatium.io/disk2/f6/a4/3d/6e0dbb13b87e1352c278b481525c852200/gofr1_copy.jpg]
[c9941f.creatium.site/convbelt/PVC.html]
[i.1.creatium.io/f2/48/26/7293e0a95fdad946eb63237258da34eb36/dark_green_conveyor_belt39138754822.png]
[c9941f.creatium.site/izdeliya.html]
[i.1.creatium.io/disk2/88/42/e5/1d79de1e88301b1f1efafaff330a91e1bc/3z.jpg]
[c9941f.creatium.site/belts/remninori.html]
[i.1.creatium.io/disk2/30/70/59/5bd15c2944aeccd289b62c050ff19a0831/photo_2023_09_20_19_05_59.jpg]
[c9941f.creatium.site/barabani-1.html]
[i.1.creatium.io/disk2/fc/21/3c/fc19faf575fa2be0c1f3444685c5142023/barabany_i_rolikoopory_dlya_lentochnyh_konveyerov.jpg]
[c9941f.creatium.site/roloki.html]
[i.1.creatium.io/9e/de/e2/4ea60bd2dd0cffbf5f7ac834aeaa503aa4/rrr.jpg]
[c9941f.creatium.site/rolikoopori.html]
[i.1.creatium.io/8c/7f/66/9106ff85c85d314e357b037101a2dd1bc7/rolikoopor.jpg]
[c9941f.creatium.site/belts/belt-1.html]
[i.1.creatium.io/disk2/72/45/b0/3799156257f8a0de284b85ad8b36e79bb0/rez1r.jpg]
[c9941f.creatium.site/belts/polybelt.html]
[i.1.creatium.io/disk2/65/16/5c/c69fc343be288532d65c4d6b2bf72e9657/photo_2023_11_11_23_11_28.jpg]
[c9941f.creatium.site/remniploskie]
[i.1.creatium.io/disk2/18/d5/21/2c89e439b957422bcb604e72841c5ce600/flat_belt_1000x1000.jpg]
[c9941f.creatium.site/belts/remni_kruglie_pu.html]
[i.1.creatium.io/disk2/e6/89/06/fd5acd5d6b3b099721755832df27cdf108/pu_round_belt_1523264658_2767052.jpg]
[c9941f.creatium.site/belts/remni_profilnie_pu.html]
[i.1.creatium.io/disk2/44/bb/d6/f9452e0f658f56ed30dcc860c8bbd3d9f5/pflug_150wx.jpg]
[c9941f.creatium.site/covers.html]
[i.1.creatium.io/disk2/2f/20/b4/49b642970d7b8cc5fb63f3d0e78763ed97/linatex.jpg]
[c9941f.creatium.site/buksi.html]
[i.1.creatium.io/disk2/2e/c5/f9/b9234c08381c1dc0c7c26f53ac7a591c85/111222_copy.jpg]
[c9941f.creatium.site/zamki.html]
[i.1.creatium.io/disk2/be/26/fa/d96d09620ecd9a427c44bd870f6d385b7b/z1.jpg]
[c9941f.creatium.site/mufti.html]
[i.1.creatium.io/disk2/c1/28/9b/9d2e321e4abd1b5f4ab35ac1c019fdd476/51mtv6enlvl.jpg]
[i.1.creatium.io/disk2/69/4b/f5/cd850769d04e5e60712a254cd465d9c143/main2.jpg]
[i.1.creatium.io/disk2/1b/2f/28/113e1c0563c8eee4bf8d9e3ef8441cc86b/free_icon_thumb_up_4477657.png]
[i.1.creatium.io/disk2/62/cf/5b/ac69de87f89943e1fc0f2b72ab7c1923c8/pngegg_1.png]
[i.1.creatium.io/disk2/d0/9e/71/f91152e08ba574d724b84d44cfd1b736e1/pngwing_com.png]
[i.1.creatium.io/disk2/e5/7c/34/fb6a96f42818093d82d4a03642ca51a0d6/pngwing_com_1.png]
[i.1.creatium.io/disk2/2d/e2/ec/16d49be8f73e95c6be75f28372ba1946f7/keramin_220x120.png]
[i.1.creatium.io/disk2/7f/4f/73/3c9be9a1077f1059eca158edc59017ad72/gzlin_220x120.png]
[i.1.creatium.io/disk2/9a/1d/73/2e9f79eb709ded8dc0053c119d8a18a5c3/mapid_220x120.png]
[i.1.creatium.io/disk2/be/87/81/f85c0d7f21469c5e4c1a5aa5255b6dca78/metro_220x120.png]
[i.1.creatium.io/disk2/61/96/64/f895a8fa798fcebacd42fdd86250d66fb4/nse9nl_wg_1_220x120.png]
[c9941f.creatium.site/index.html]
[i.1.creatium.io/disk2/b8/2b/fb/0d822183c343a79aa16d6d520857eeb25a/adamantis_redwhite_2002.png]
[c9941f.creatium.site/assets/4.2/vendors3c35.css]
[c9941f.creatium.site/assets/4.2/default3c35.css]
[c9941f.creatium.site/assets/4.2/nodes3c35.css]
[c9941f.creatium.site/oldmain.html]
[c9941f.creatium.site/app/sva0c4]
[i.1.creatium.io/disk2/54/d2/98/3df1ce60b9f4183392f9267ca4a0f2a378/photo_2023_11_11_20_47_41.jpg]
[i.1.creatium.io/disk2/bb/c2/0f/f1654c07a98e2fe8475bdaa6ed9867af80/photo_2023_11_11_20_47_45.jpg]
[i.1.creatium.io/disk2/fe/27/23/3b1867deffc7ad9024eeaedd7da9fc5d4f/photo_2023_11_11_23_14_33.jpg]
[i.1.creatium.io/disk2/93/53/c3/dac32f074bea22550a23fed64c72d620fb/photo_2023_11_11_20_47_53.jpg]
[i.1.creatium.io/disk2/0b/9b/4e/ba62765afca84ed5222a2686180242b180/photo_2023_11_11_20_47_47.jpg]
[c9941f.creatium.site/photogalery.html]
[c9941f.creatium.site/app/sv89a6]
[i.1.creatium.io/disk2/3c/6e/66/dba463a97fac1d27c8576cb6d2bd2d0248/147686.png]
[i.1.creatium.io/disk2/aa/79/51/411fc2ea80497cf4c9e9c9db07d4254563/7_xx_2_1_2.png]
[i.1.creatium.io/a1/05/12/86b93c6faf9a77289be6d3bcaf05436a3b/iko_bunker.png]
[i.1.creatium.io/disk2/12/a9/69/2cc191d40e429234012d7d4d87ef459b32/photo_2023_09_16_20_12_39.jpg]
[i.1.creatium.io/disk2/93/ac/19/63155373126eea8f389d5b8530973e869d/13323.jpg]
[i.1.creatium.io/disk2/10/43/80/28fb2cea5a14507c9541971c7940198c4c/ezgif_1_4f2d793773.jpg]
[i.1.creatium.io/disk2/40/1a/01/fa8e8e310c8bbf370a78c8ed299b3b9c64/csm_img_0586_473284b6e9.jpg]
[i.1.creatium.io/disk2/5d/1e/88/b52e029d5c7f58fa00d501687ac48c9866/maxresdefault.jpg]
[i.1.creatium.io/disk2/e5/85/5f/17f216db6c6751bc3a00439017c8fb7f2c/fs700_conv_open_scaled.jpg]
[i.1.creatium.io/disk2/f6/c7/ba/f0f76d76527ecc58a92fbbd9622717e8f7/web_kuhnmergemaxx_rear_f_c_em.jpg]
[i.1.creatium.io/disk2/f3/f5/0c/ddb2316bbc4d9a45eaf148d1a193be82ce/web_kuhnmergemaxx_grassflickingontobelt_f_c_em.jpg]
[i.1.creatium.io/disk2/d2/f7/ee/b2356eef7b51e7c3a62c4c279caa17fd3f/img_kuhn_fc13460ra4.jpg]
[i.1.creatium.io/disk2/f3/11/43/f07bffc6b88eb08db5c87dbad5cd66f61f/c_grimme_evo_280_nonstopbunker_4.jpg]
[i.1.creatium.io/disk2/4c/f6/d5/cde320ae7a56a127fd2e288140112b1b5a/1101_added_value_1101.jpg]
[i.1.creatium.io/disk2/6a/18/12/c4c4dd8dac991c7e3d27e19d263800362b/grain_pile_pickup_ultra_scoop.jpg]
[i.1.creatium.io/disk2/ef/d6/d0/fca63e04c5524975a7a2c8501d956ce0c2/170346_11456911.jpg]
[i.1.creatium.io/disk2/a4/0b/69/db74953f77e402e3a7bbadb87091924a45/68707.jpg]
[i.1.creatium.io/disk2/5f/4a/a1/2f0ab63e3d797c8f2477a862fd8fae06e1/36286.jpg]
[c9941f.creatium.site/industry/agro.html]
[c9941f.creatium.site/app/sve857]
[i.1.creatium.io/disk2/1e/68/98/d5ce0aa850b800baf6a88c9a23ae3247b6/bandfoerderer_zur_automatisierten_boxenbeschickung333.jpg]
[i.1.creatium.io/disk2/16/19/d4/8e21b3d6f2d8b2f5bbf5afe464b4286bfb/mccloskey_s190222.jpg]
[i.1.creatium.io/disk2/45/96/9b/b276744e3b0d9c43af9f3438e9c5fb436b/1.jpg]
[i.1.creatium.io/disk2/56/14/75/0d5956b687da93b72f32ee7bf4607c838f/33.jpg]
[i.1.creatium.io/disk2/1d/c8/c7/61112069a3c478d68a7f90634b97fb91e4/power_screen_jaw_crusher_premiertrak_400_hard_sandstone_usa.jpg]
[i.1.creatium.io/disk2/d7/85/e4/d8ae73d3f9f7d420b2b5afbea9d8bef9e2/photo_2023_10_08_19_15_42.jpg]
[i.1.creatium.io/disk2/9a/44/06/cbfc93fa921b6df294576c2cef13a14163/gettyimages_150639577_1024x1024.jpg]
[i.1.creatium.io/disk2/74/e4/91/b90ceb0e7933d6d0e408273752efc7f544/gettyimages_150639580_612x612.jpg]
[i.1.creatium.io/disk2/c0/cf/be/41b82aba09a16e20748eac0f0d5108e353/stroitelnaya_tehnika_betonnyy_zavod_fabo_turbomiks_120_mobil.jpg]
[i.1.creatium.io/disk2/f0/d6/f2/e7b993cd36249894a94994a8f82bbfc4d4/stroitelnaya_tehnika_betonnyy_zavod_fabo_turbomiks_120_mobil.jpg]
[i.1.creatium.io/disk2/36/25/b4/609ee1506bd9629ff62120baebc2ec5c88/maxresdefault.jpg]
[i.1.creatium.io/disk2/82/b3/3e/1e14a0f9350b42d711ace6b454fe62f24e/b2.jpg]
[i.1.creatium.io/disk2/b2/8e/8e/89166aa2ebae39aa923f0e6db54c8039f8/4.jpg]
[i.1.creatium.io/disk2/88/8b/a4/6ecbed4462a301702b656dac164ff053e9/1012ts_concrete_recycling_1_1.jpg]
[i.1.creatium.io/disk2/8f/3c/b5/40d3a13f7af7f7347dde3840352ef347db/metso_outotec_india_conveyor_belt.jpg]
[i.1.creatium.io/disk2/08/92/ee/86466b21e1c3f6531a858aa981236d0c51/1_napo140403al_075_b2.jpg]
[c9941f.creatium.site/industry/mount.html]
[c9941f.creatium.site/app/sv9085]
[i.1.creatium.io/disk2/12/c1/23/d6469ca99c5f082dc51e3504be87bd1443/photo_2023_10_06_19_59_08.jpg]
[i.1.creatium.io/disk2/0f/d5/7a/77921e43149d9ac228b52ecc75ab779adc/batch_control_the_rise_of_automation_in_bakeries.png]
[i.1.creatium.io/disk2/ae/7a/92/0b2d43a5cf1b02ef5d492c49ebf5f42b5b/how_ham_is_made.jpg]
[i.1.creatium.io/disk2/f9/f2/f4/2dd9668dde793c7e4f6c5f034d2beec7ad/photo_2023_10_06_19_49_42.jpg]
[i.1.creatium.io/disk2/1b/44/1c/0f6b8007f29fa4b0a83be651f5d5786385/240_f_544299029_v9ypotbjfmy2pwcwvk6qsqrvgrly2gjk.jpg]
[i.1.creatium.io/disk2/c1/d2/33/6863ac4efe445032c17c78fd92b604227b/1000_f_608227571_etmjvn8oqaazysuk3ermurdq5mty7c4t.jpg]
[i.1.creatium.io/disk2/78/7f/b6/4ebe060a34a042db503718949eb1937831/photo_2023_10_06_19_42_45.jpg]
[i.1.creatium.io/disk2/9e/5d/09/df291769cf9895a4c759389734f5f17c2f/photo_2023_10_06_19_44_57.jpg]
[c9941f.creatium.site/industry/mount-1-1.html]
[c9941f.creatium.site/app/sved38]
[i.1.creatium.io/disk2/18/00/3e/d87e80f57537590c51cf30128b679b5926/hb00d3430c7d344b7ba4fa28b75c666e63_jpg_720x720q50.jpg]
[i.1.creatium.io/disk2/4c/72/2f/b7fa919911ae16a092229556a6f1c9a076/7146908815_0_big.jpg]
[i.1.creatium.io/disk2/26/21/a2/fd9e3118013b0590ff271792b7e9144575/2708996362_0_big.jpg]
[i.1.creatium.io/disk2/47/2d/d0/f32a480baa8f4758d640b27ab2660c1494/images.jpg]
[i.1.creatium.io/disk2/f7/73/40/af6aef5b488ec2d5e6f28382f5696364f1/dsc08165.jpg]
[i.1.creatium.io/disk2/5f/1e/0a/7d336f775cd6fdfb5c1843af084aa0061f/gravity_roller_conveyor.jpg]
[i.1.creatium.io/disk2/35/03/c5/f97d4cdffe7d539d5e7f0a05719e9924b2/202207140924.jpg]
[c9941f.creatium.site/conveyor-1-1.html]
[c9941f.creatium.site/app/svdc7e]
[i.1.creatium.io/disk2/e8/47/e1/22a4f2365a51bcb186cf99823756b0ceca/c2.jpg]
[i.1.creatium.io/disk2/ce/22/5c/039c7b4a15ccef82e41a8dd2f331057ccb/hot4.jpg]
[i.1.creatium.io/disk2/19/e6/1e/97abeb2858236fc6358faa50ffd9be74a2/futerovkabarabanastatja2.jpg]
[i.1.creatium.io/disk2/99/53/49/c2e677c6594eb3e868c8ca56cc8bc5a385/s32.jpg]
[i.1.creatium.io/disk2/db/35/11/1ee9bdfbc3a9cc954946e880f321b7c477/imgl3638.png]
[i.1.creatium.io/disk2/af/b6/bf/9ee341326d1b009207aaaac8ab433d929c/kak_soedinit_transporternuyu_lentu_svoimi_rukami433jpg.jpg]
[i.1.creatium.io/disk2/c4/f2/84/b141c431622208515fe41061e9f3fd524c/kak_soedinit_transporternuyu_lentu_svoimi_rukami222.jpg]
[i.1.creatium.io/disk2/ff/79/8e/ee276b29e6114d0ec069001d9e6099ab0b/123.jpg]
[i.1.creatium.io/disk2/8e/31/9a/e5227699deef67360ed4ea40009b52f404/rsm_aplikasi_rubber_lagging.jpg]
[c9941f.creatium.site/uslugi.html]
[c9941f.creatium.site/app/sv6e1b]
[c9941f.creatium.site/convbelt/belt.html]
[i.1.creatium.io/disk2/c3/c2/48/2f185b6a629ea7f4286671c0159062db94/untitled_1_copy.jpg]
[c9941f.creatium.site/app/sv7609]
[i.1.creatium.io/42/aa/3e/bde49bb4c7df22bb933ecf14b5ea055c31/7e5885f5b038c7e3b676566cdbdf3074.jpg]
[i.1.creatium.io/ba/75/93/7f10c5a1dd94f6fd94148e71e720e22c9a/75f3d5b4dd4ae45a40524e5ba8304009.jpg]
[i.1.creatium.io/99/9c/0b/45ba83d3c5dcb25afc22f0f01aabf73027/88523742783d6053b6ccfd88e48061c4.jpg]
[c9941f.creatium.site/convbelt/shev.html]
[c9941f.creatium.site/app/svbefa]
[i.1.creatium.io/disk2/27/d6/50/19303e23bbc60151ec52aa0772b49f4708/maxresdefault.jpg]
[i.1.creatium.io/disk2/f3/ef/38/aa0fb23e954eb33d86f5852c5bc21b7969/small.jpg]
[i.1.creatium.io/disk2/55/4b/5d/1ec7a32e922242cf75e785d83d9f4f7725/beltpart_ru_qofrobort1.jpg]
[i.1.creatium.io/disk2/82/21/dd/1cbabf8d3f7497ac642dd2e9a1f7237240/images.jpg]
[c9941f.creatium.site/profil.html]
[c9941f.creatium.site/app/sv2f93]
[i.1.creatium.io/5c/4f/fc/a5b7d1094ca27064c1f16e55b7daf2d50f/lenta_tz_4m.jpg]
[i.1.creatium.io/3b/56/9c/9a701e7fb23baacbdd46a6d22943542070/d2051bc741103f06e874e35bf522af74.jpg]
[i.1.creatium.io/c3/45/07/ac4e0a4c386563ffbcafd968455d60af67/g7.jpg]
[i.1.creatium.io/disk2/ce/cd/56/0639b424c3f42c5c126ac8b9cf1b2e4e6f/pvcf.jpg]
[i.1.creatium.io/disk2/57/63/35/81267e04566a36e42872395a7c8dadf7ef/thumb_375_cms_page_big222.jpg]
[c9941f.creatium.site/convbelt/PVC.html]
[c9941f.creatium.site/app/sv6197]
[i.1.creatium.io/disk2/a7/41/39/4a3671ef34234ba947e74c75b6f13c9ff9/photo_2023_11_18_01_23_29.jpg]
[i.1.creatium.io/disk2/ff/d2/d3/a95fab0b701fd5b0f8ba8af238bd9467be/photo_2023_11_18_01_25_29.jpg]
[i.1.creatium.io/disk2/d3/18/c9/464f81ee8dbf8c3951d2ae674889cabcb0/photo_2023_11_18_01_25_28.jpg]
[i.1.creatium.io/disk2/e3/69/10/f54c106d6fc882febb7789860efbed9b3e/photo_2023_11_18_01_25_28.jpg]
[c9941f.creatium.site/izdeliya.html]
[c9941f.creatium.site/belts/remninori.html]
[c9941f.creatium.site/app/sv36fd]
[c9941f.creatium.site/app/sv62bc]
[c9941f.creatium.site/barabani-1.html]
[i.1.creatium.io/disk2/89/9d/4a/719a434e7414485c48a22e92c301174785/barabany.jpg]
[c9941f.creatium.site/roloki.html]
[c9941f.creatium.site/app/sv93e6]
[c9941f.creatium.site/app/svd20e]
[i.1.creatium.io/disk2/1d/fc/9b/20e7da5a5eb862b19de61909453724d6c2/rolikopora.jpg]
[i.1.creatium.io/disk2/20/09/da/1d7c76fd339d266e3e431928afea33ffca/opori1.jpg]
[i.1.creatium.io/disk2/70/53/8c/dab4f5e2ae7064a42521a5d29ddcb90180/opori2.jpg]
[i.1.creatium.io/disk2/5d/9f/f0/2f346182e55f214481b81b3c378d94a7a5/opori3.jpg]
[i.1.creatium.io/disk2/f5/d5/c1/dcd4bb8f9e1e7311eb9c85576ca546bc23/krepejo.jpg]
[c9941f.creatium.site/rolikoopori.html]
[c9941f.creatium.site/app/svf135]
[i.1.creatium.io/f0/58/34/6508d1db9eac2722555ea2ef381fbd3f54/rpp_gray.jpg]
[i.1.creatium.io/52/6b/54/a95c3f0f6f14bb4e555ec6c034014b865d/rpp_d_gray.jpg]
[i.1.creatium.io/48/71/54/30b5d5624c635d37d831ae34fea3ee3e00/htd_gray.jpg]
[i.1.creatium.io/c1/b6/82/bc68aee7dd43118daa04639ca810f020a3/htd_d_gray.jpg]
[i.1.creatium.io/23/d4/5a/8f546330191c0425bed493479d61daaf9b/std_gray.jpg]
[i.1.creatium.io/9e/40/11/adb2c2a195f513c4481610be663caf7cea/std_d_gray.jpg]
[i.1.creatium.io/fb/b3/ed/29f31f33905c07c774e12865b2efe5d6d6/gtr_gray.jpg]
[i.1.creatium.io/3b/1b/eb/cd101a284a8c34292713ece84043b11d0e/omega_gray.jpg]
[i.1.creatium.io/7b/e1/8e/ee53c633b252983d4a0979125f264102d7/hot_gray.jpg]
[i.1.creatium.io/87/13/3e/9184cb809d9e6037d6a396faa2d40d823b/mxl_xl_l_h_xh_xxh_gray.jpg]
[i.1.creatium.io/7d/02/e2/7487816a15d636ebbd9f049df15a02121c/mxl_xl_l_h_xh_xxh_d_gray.jpg]
[c9941f.creatium.site/belts/belt-1.html]
[c9941f.creatium.site/app/svb8b8]
[i.1.creatium.io/ae/0a/be/0b3566148cae3e1e7fa2585dcb13de6313/t_gray.jpg]
[i.1.creatium.io/4d/9e/88/136f0d637aee77935d44753fe008faf0a7/at_gray.jpg]
[c9941f.creatium.site/belts/polybelt.html]
[c9941f.creatium.site/remniploskie.html]
[c9941f.creatium.site/belts/remni_kruglie_pu.html]
[c9941f.creatium.site/app/sv9ad9]
[c9941f.creatium.site/belts/remni_profilnie_pu.html]
[c9941f.creatium.site/app/sv2037]
[c9941f.creatium.site/app/svcf2e]
[i.1.creatium.io/disk2/f8/52/c1/98f3c7f0978237d7b70b7950aff8e0f8b2/avafc.jpg]
[i.1.creatium.io/disk2/d3/ca/28/d35f108725c55a5ecdd0d9b5dc07babaf0/supergrip.jpg]
[i.1.creatium.io/disk2/4a/d3/1f/f4733bee7f31afdb06703e235e18e74fd1/nbr.jpg]
[i.1.creatium.io/disk2/ab/83/ee/4cb6636cadc2a3a28af142b2d88121455f/paz.jpg]
[i.1.creatium.io/disk2/37/9b/07/ed05ab5242b3c25bfd58b1b91bbc15c167/par.jpg]
[i.1.creatium.io/disk2/66/89/78/0dd4de662fa37860884fad229ffc4a5f15/pazpar.jpg]
[c9941f.creatium.site/covers.html]
[c9941f.creatium.site/app/sv9bbf]
[i.1.creatium.io/disk2/50/53/59/5ac2d881d157e3848e0404662c3ada8a52/photo_2023_11_11_23_29_34.jpg]
[i.1.creatium.io/disk2/f7/1d/c7/625b59d940aeb43d453e63069a39cb8040/08162f22eada1e56c63b0b92a25addd9.png]
[c9941f.creatium.site/buksi.html]
[c9941f.creatium.site/app/sv842e]
[i.1.creatium.io/disk2/9e/e0/53/d5dbf2bcdfafa6acdfa5492b4e044b65b0/photo_2023_11_11_20_47_37.jpg]
[i.1.creatium.io/disk2/0f/91/a7/3dcb9b89bdfec821169bf53298d0cb974e/photo_2023_11_11_20_47_38.jpg]
[i.1.creatium.io/disk2/22/03/b0/6934f279a6d4ad3e84eb297e32fa32342d/zamok_9.jpg]
[i.1.creatium.io/disk2/36/4e/71/e17f3e69cebc16bc711a6559fa315f6971/zamok_8.jpg]
[i.1.creatium.io/disk2/ab/0b/e1/f12bc38e29eac8cabfe08a9ea9f5063a6d/zamok_5.jpg]
[c9941f.creatium.site/zamki.html]
[c9941f.creatium.site/app/sv18c1]
[i.1.creatium.io/disk2/0a/a4/ec/16afe254742c7c0840dc227f1a61aa52d5/photo_2023_11_11_20_47_42.jpg]
[i.1.creatium.io/disk2/af/8e/de/f205addedc3f343f37218c09670c751b14/photo_2023_11_11_20_47_41.jpg]
[i.1.creatium.io/disk2/fc/7f/00/b69c60bce6e49207a3cfac404e53a050f5/97montajnaya_oblast_1_copy.jpg]
[c9941f.creatium.site/mufti.html]
